-&T-&H=~=~=~=~=~=~=~=~=~=~=~= PuTTY log 2021.02.01 13:57:59 =~=~=~=~=~=~=~=~=~=~=~=
-&T-&H------------------
-&T-&H       HAAS
-&T-&H  TIP-OF-THE-DAY
-&T-&H  DPRNT EXAMPLES
-&T-&H------------------
-&T-&H
-&T-&H PART NUMBER: 265-4183, REV. X2
-&T-&H
-&T-&H MACRO #100: .00
-&T-&H
-&T-&H DATE YYMMDD: 210201
-&T-&H TIME HHMMSS: 135832
-&T-&H
-&T-&H
-&T-&H
-&T-&H
-&T-&H PARTS MADE: 69
-&T-&H
-&T-&H TIME, LAST PART: 205 SECONDS
-&T-&H
-&T-&H------------------
-&T-&H   END EXAMPLES  
-&T-&H------------------
