=~=~=~=~=~=~=~=~=~=~=~= PuTTY log 2021.02.01 13:59:55 =~=~=~=~=~=~=~=~=~=~=~=
------------------
       HAAS
  TIP-OF-THE-DAY
  DPRNT EXAMPLES
------------------

 PART NUMBER: 265-4183, REV. X2

 MACRO #100: .00

 DATE YYMMDD: 210201
 TIME HHMMSS: 140326




 PARTS MADE: 70

 TIME, LAST PART: 205 SECONDS

------------------
   END EXAMPLES  
------------------
------------------
       HAAS
  TIP-OF-THE-DAY
  DPRNT EXAMPLES
------------------

 PART NUMBER: 265-4183, REV. X2

 MACRO #100: .00

 DATE YYMMDD: 210201
 TIME HHMMSS: 140847




 PARTS MADE: 71

 TIME, LAST PART: 7 SECONDS

------------------
   END EXAMPLES  
------------------
------------------
       HAAS
  TIP-OF-THE-DAY
  DPRNT EXAMPLES
------------------

 PART NUMBER: 265-4183, REV. X2

 MACRO #100: .00

 DATE YYMMDD: 210201
 TIME HHMMSS: 141329




 PARTS MADE: 72

 TIME, LAST PART: 197 SECONDS

------------------
   END EXAMPLES  
------------------
------------------
       HAAS
  TIP-OF-THE-DAY
  DPRNT EXAMPLES
------------------

 PART NUMBER: 265-4183, REV. X2

 MACRO #100: .00

 DATE YYMMDD: 210201
 TIME HHMMSS: 141750




 PARTS MADE: 73

 TIME, LAST PART: 195 SECONDS

------------------
   END EXAMPLES  
------------------
------------------
       HAAS
  TIP-OF-THE-DAY
  DPRNT EXAMPLES
------------------

 PART NUMBER: 265-4183, REV. X2

 MACRO #100: .00

 DATE YYMMDD: 210201
 TIME HHMMSS: 142231




 PARTS MADE: 74

 TIME, LAST PART: 195 SECONDS

------------------
   END EXAMPLES  
------------------
------------------
       HAAS
  TIP-OF-THE-DAY
  DPRNT EXAMPLES
------------------

 PART NUMBER: 265-4183, REV. X2

 MACRO #100: .00

 DATE YYMMDD: 210201
 TIME HHMMSS: 142707




 PARTS MADE: 75

 TIME, LAST PART: 195 SECONDS

------------------
   END EXAMPLES  
------------------
------------------
       HAAS
  TIP-OF-THE-DAY
  DPRNT EXAMPLES
------------------

 PART NUMBER: 265-4183, REV. X2

 MACRO #100: .00

 DATE YYMMDD: 210201
 TIME HHMMSS: 143130




 PARTS MADE: 76

 TIME, LAST PART: 195 SECONDS

------------------
   END EXAMPLES  
------------------
------------------
       HAAS
  TIP-OF-THE-DAY
  DPRNT EXAMPLES
------------------

 PART NUMBER: 265-4183, REV. X2

 MACRO #100: .00

 DATE YYMMDD: 210201
 TIME HHMMSS: 143604




 PARTS MADE: 77

 TIME, LAST PART: 195 SECONDS

------------------
   END EXAMPLES  
------------------
------------------
       HAAS
  TIP-OF-THE-DAY
  DPRNT EXAMPLES
------------------

 PART NUMBER: 265-4183, REV. X2

 MACRO #100: .00

 DATE YYMMDD: 210201
 TIME HHMMSS: 144037




 PARTS MADE: 78

 TIME, LAST PART: 195 SECONDS

------------------
   END EXAMPLES  
------------------
------------------
       HAAS
  TIP-OF-THE-DAY
  DPRNT EXAMPLES
------------------

 PART NUMBER: 265-4183, REV. X2

 MACRO #100: .00

 DATE YYMMDD: 210201
 TIME HHMMSS: 144508




 PARTS MADE: 79

 TIME, LAST PART: 195 SECONDS

------------------
   END EXAMPLES  
------------------
------------------
       HAAS
  TIP-OF-THE-DAY
  DPRNT EXAMPLES
------------------

 PART NUMBER: 265-4183, REV. X2

 MACRO #100: .00

 DATE YYMMDD: 210201
 TIME HHMMSS: 144949




 PARTS MADE: 80

 TIME, LAST PART: 195 SECONDS

------------------
   END EXAMPLES  
------------------
